<?xml version="1.0" encoding="UTF-8"?>
<!-- Generated by org.testng.reporters.JUnitXMLReporter -->
<testsuite ignored="0" hostname="DESKTOP-7QGEMFS" failures="1" tests="2" name="Test" time="26.222" errors="0" timestamp="2025-11-25T13:58:00 IST">
  <testcase classname="com.testCases.TC001_AccountRegistration" name="accountreagistrationverify" time="5.004"/>
  <testcase classname="com.testCases.TC002_UserLogin" name="userlogin" time="12.431">
    <failure type="java.lang.AssertionError" message="Assertion Failed: expected [true] but found [false]">
      <![CDATA[java.lang.AssertionError: Assertion Failed: expected [true] but found [false]
at com.testCases.TC002_UserLogin.userlogin(TC002_UserLogin.java:51)
at java.base/java.util.ArrayList.forEach(ArrayList.java:1597)
... Removed 30 stack frames]]>
    </failure>
  </testcase> <!-- userlogin -->
</testsuite> <!-- Test -->
