<?xml version="1.0" encoding="UTF-8"?>
<!-- Generated by org.testng.reporters.JUnitXMLReporter -->
<testsuite ignored="0" hostname="DESKTOP-7QGEMFS" failures="1" tests="1" name="Test2" time="20.976" errors="0" timestamp="2025-11-05T22:14:40 IST">
  <testcase classname="com.testCases.TC001_AccountRegistration" name="accountreagistrationverify" time="2.274">
    <failure type="java.lang.AssertionError" message="null">
      <![CDATA[java.lang.AssertionError: null
at com.testCases.TC001_AccountRegistration.accountreagistrationverify(TC001_AccountRegistration.java:61)
at java.base/java.util.ArrayList.forEach(ArrayList.java:1597)
at java.base/java.util.concurrent.FutureTask.run(FutureTask.java:317)
at java.base/java.util.concurrent.ThreadPoolExecutor.runWorker(ThreadPoolExecutor.java:1144)
at java.base/java.util.concurrent.ThreadPoolExecutor$Worker.run(ThreadPoolExecutor.java:642)
at java.base/java.lang.Thread.run(Thread.java:1570)
... Removed 17 stack frames]]>
    </failure>
  </testcase> <!-- accountreagistrationverify -->
</testsuite> <!-- Test2 -->
