<?xml version="1.0" encoding="UTF-8"?>
<!-- Generated by org.testng.reporters.JUnitXMLReporter -->
<testsuite ignored="0" hostname="DESKTOP-7QGEMFS" failures="1" tests="1" name="Test" time="20.99" errors="0" timestamp="2025-11-05T22:14:40 IST">
  <testcase classname="com.testBase.TestBase" name="@AfterClass teardown" time="0.006">
    <failure type="org.openqa.selenium.remote.UnreachableBrowserException" message="Error communicating with the remote browser. It may have died.
Build info: version: &amp;apos;4.35.0&amp;apos;, revision: &amp;apos;1c58e5028b&amp;apos;
System info: os.name: &amp;apos;Windows 10&amp;apos;, os.arch: &amp;apos;amd64&amp;apos;, os.version: &amp;apos;10.0&amp;apos;, java.version: &amp;apos;22.0.2&amp;apos;
Driver info: org.openqa.selenium.edge.EdgeDriver
Command: [f73af9e214ff0f904e8be497ce9ff87f, quit []]
Capabilities {acceptInsecureCerts: false, browserName: MicrosoftEdge, browserVersion: 142.0.3595.53, fedcm:accounts: true, goog:processID: 15128, ms:edgeOptions: {debuggerAddress: localhost:63872}, msedge: {msedgedriverVersion: 142.0.3595.53 (e9d637e9672e..., userDataDir: C:\Users\admin\AppData\Loca...}, networkConnectionEnabled: false, pageLoadStrategy: normal, platformName: windows, proxy: Proxy(), se:cdp: ws://localhost:63872/devtoo..., se:cdpVersion: 142.0.3595.53, setWindowRect: true, strictFileInteractability: false, timeouts: {implicit: 0, pageLoad: 300000, script: 30000}, unhandledPromptBehavior: dismiss and notify, webauthn:extension:credBlob: true, webauthn:extension:largeBlob: true, webauthn:extension:minPinLength: true, webauthn:extension:prf: true, webauthn:virtualAuthenticators: true}
Session ID: f73af9e214ff0f904e8be497ce9ff87f">
      <![CDATA[org.openqa.selenium.remote.UnreachableBrowserException: Error communicating with the remote browser. It may have died.
Build info: version: '4.35.0', revision: '1c58e5028b'
System info: os.name: 'Windows 10', os.arch: 'amd64', os.version: '10.0', java.version: '22.0.2'
Driver info: org.openqa.selenium.edge.EdgeDriver
Command: [f73af9e214ff0f904e8be497ce9ff87f, quit []]
Capabilities {acceptInsecureCerts: false, browserName: MicrosoftEdge, browserVersion: 142.0.3595.53, fedcm:accounts: true, goog:processID: 15128, ms:edgeOptions: {debuggerAddress: localhost:63872}, msedge: {msedgedriverVersion: 142.0.3595.53 (e9d637e9672e..., userDataDir: C:\Users\admin\AppData\Loca...}, networkConnectionEnabled: false, pageLoadStrategy: normal, platformName: windows, proxy: Proxy(), se:cdp: ws://localhost:63872/devtoo..., se:cdpVersion: 142.0.3595.53, setWindowRect: true, strictFileInteractability: false, timeouts: {implicit: 0, pageLoad: 300000, script: 30000}, unhandledPromptBehavior: dismiss and notify, webauthn:extension:credBlob: true, webauthn:extension:largeBlob: true, webauthn:extension:minPinLength: true, webauthn:extension:prf: true, webauthn:virtualAuthenticators: true}
Session ID: f73af9e214ff0f904e8be497ce9ff87f
at org.openqa.selenium.remote.RemoteWebDriver.execute(RemoteWebDriver.java:584)
at org.openqa.selenium.remote.RemoteWebDriver.execute(RemoteWebDriver.java:630)
at org.openqa.selenium.remote.RemoteWebDriver.execute(RemoteWebDriver.java:634)
at org.openqa.selenium.remote.RemoteWebDriver.quit(RemoteWebDriver.java:458)
at org.openqa.selenium.chromium.ChromiumDriver.quit(ChromiumDriver.java:404)
at com.testBase.TestBase.teardown(TestBase.java:65)
at java.base/java.util.ArrayList.forEach(ArrayList.java:1597)
at java.base/java.util.concurrent.FutureTask.run(FutureTask.java:317)
at java.base/java.util.concurrent.ThreadPoolExecutor.runWorker(ThreadPoolExecutor.java:1144)
at java.base/java.util.concurrent.ThreadPoolExecutor$Worker.run(ThreadPoolExecutor.java:642)
at java.base/java.lang.Thread.run(Thread.java:1570)
Caused by: java.util.concurrent.RejectedExecutionException: Task java.util.concurrent.CompletableFuture$AsyncSupply@216a05fe rejected from java.util.concurrent.ThreadPoolExecutor@57250764[Shutting down, pool size = 2, active threads = 2, queued tasks = 0, completed tasks = 2]
at java.base/java.util.concurrent.ThreadPoolExecutor$AbortPolicy.rejectedExecution(ThreadPoolExecutor.java:2081)
at java.base/java.util.concurrent.ThreadPoolExecutor.reject(ThreadPoolExecutor.java:841)
at java.base/java.util.concurrent.ThreadPoolExecutor.execute(ThreadPoolExecutor.java:1376)
at java.base/java.util.concurrent.CompletableFuture.asyncSupplyStage(CompletableFuture.java:1782)
at java.base/java.util.concurrent.CompletableFuture.supplyAsync(CompletableFuture.java:2005)
at org.openqa.selenium.remote.service.DriverCommandExecutor.execute(DriverCommandExecutor.java:123)
at org.openqa.selenium.remote.RemoteWebDriver.execute(RemoteWebDriver.java:557)
... 24 more
... Removed 14 stack frames]]>
    </failure>
  </testcase> <!-- @AfterClass teardown -->
  <testcase classname="com.testBase.TestBase" name="@AfterClass teardown" time="1.323">
    <failure type="org.openqa.selenium.WebDriverException" message="Timed out waiting for driver server to stop.
Build info: version: &amp;apos;4.35.0&amp;apos;, revision: &amp;apos;1c58e5028b&amp;apos;
System info: os.name: &amp;apos;Windows 10&amp;apos;, os.arch: &amp;apos;amd64&amp;apos;, os.version: &amp;apos;10.0&amp;apos;, java.version: &amp;apos;22.0.2&amp;apos;
Driver info: org.openqa.selenium.edge.EdgeDriver
Command: [f73af9e214ff0f904e8be497ce9ff87f, quit {}]
Capabilities {acceptInsecureCerts: false, browserName: MicrosoftEdge, browserVersion: 142.0.3595.53, fedcm:accounts: true, goog:processID: 15128, ms:edgeOptions: {debuggerAddress: localhost:63872}, msedge: {msedgedriverVersion: 142.0.3595.53 (e9d637e9672e..., userDataDir: C:\Users\admin\AppData\Loca...}, networkConnectionEnabled: false, pageLoadStrategy: normal, platformName: windows, proxy: Proxy(), se:cdp: ws://localhost:63872/devtoo..., se:cdpVersion: 142.0.3595.53, setWindowRect: true, strictFileInteractability: false, timeouts: {implicit: 0, pageLoad: 300000, script: 30000}, unhandledPromptBehavior: dismiss and notify, webauthn:extension:credBlob: true, webauthn:extension:largeBlob: true, webauthn:extension:minPinLength: true, webauthn:extension:prf: true, webauthn:virtualAuthenticators: true}">
      <![CDATA[org.openqa.selenium.WebDriverException: Timed out waiting for driver server to stop.
Build info: version: '4.35.0', revision: '1c58e5028b'
System info: os.name: 'Windows 10', os.arch: 'amd64', os.version: '10.0', java.version: '22.0.2'
Driver info: org.openqa.selenium.edge.EdgeDriver
Command: [f73af9e214ff0f904e8be497ce9ff87f, quit {}]
Capabilities {acceptInsecureCerts: false, browserName: MicrosoftEdge, browserVersion: 142.0.3595.53, fedcm:accounts: true, goog:processID: 15128, ms:edgeOptions: {debuggerAddress: localhost:63872}, msedge: {msedgedriverVersion: 142.0.3595.53 (e9d637e9672e..., userDataDir: C:\Users\admin\AppData\Loca...}, networkConnectionEnabled: false, pageLoadStrategy: normal, platformName: windows, proxy: Proxy(), se:cdp: ws://localhost:63872/devtoo..., se:cdpVersion: 142.0.3595.53, setWindowRect: true, strictFileInteractability: false, timeouts: {implicit: 0, pageLoad: 300000, script: 30000}, unhandledPromptBehavior: dismiss and notify, webauthn:extension:credBlob: true, webauthn:extension:largeBlob: true, webauthn:extension:minPinLength: true, webauthn:extension:prf: true, webauthn:virtualAuthenticators: true}
at org.openqa.selenium.remote.service.DriverCommandExecutor.execute(DriverCommandExecutor.java:164)
at org.openqa.selenium.remote.RemoteWebDriver.execute(RemoteWebDriver.java:557)
at org.openqa.selenium.remote.RemoteWebDriver.execute(RemoteWebDriver.java:630)
at org.openqa.selenium.remote.RemoteWebDriver.execute(RemoteWebDriver.java:634)
at org.openqa.selenium.remote.RemoteWebDriver.quit(RemoteWebDriver.java:458)
at org.openqa.selenium.chromium.ChromiumDriver.quit(ChromiumDriver.java:404)
at com.testBase.TestBase.teardown(TestBase.java:65)
at java.base/java.util.ArrayList.forEach(ArrayList.java:1597)
at java.base/java.util.concurrent.FutureTask.run(FutureTask.java:317)
at java.base/java.util.concurrent.ThreadPoolExecutor.runWorker(ThreadPoolExecutor.java:1144)
at java.base/java.util.concurrent.ThreadPoolExecutor$Worker.run(ThreadPoolExecutor.java:642)
at java.base/java.lang.Thread.run(Thread.java:1570)
Caused by: java.util.concurrent.ExecutionException: java.util.concurrent.RejectedExecutionException: Task java.util.concurrent.FutureTask@1034a66c[Not completed, task = java.util.concurrent.Executors$RunnableAdapter@1acccd1c[Wrapped task = org.openqa.selenium.remote.http.jdk.JdkHttpClient$$Lambda/0x00000165353011a0@140b2035]] rejected from java.util.concurrent.ThreadPoolExecutor@545c418[Shutting down, pool size = 6, active threads = 2, queued tasks = 0, completed tasks = 110]
at java.base/java.util.concurrent.CompletableFuture.reportGet(CompletableFuture.java:396)
at java.base/java.util.concurrent.CompletableFuture.get(CompletableFuture.java:2096)
at org.openqa.selenium.remote.service.DriverCommandExecutor.execute(DriverCommandExecutor.java:160)
... 25 more
Caused by: java.util.concurrent.RejectedExecutionException: Task java.util.concurrent.FutureTask@1034a66c[Not completed, task = java.util.concurrent.Executors$RunnableAdapter@1acccd1c[Wrapped task = org.openqa.selenium.remote.http.jdk.JdkHttpClient$$Lambda/0x00000165353011a0@140b2035]] rejected from java.util.concurrent.ThreadPoolExecutor@545c418[Shutting down, pool size = 6, active threads = 2, queued tasks = 0, completed tasks = 110]
at java.base/java.util.concurrent.ThreadPoolExecutor$AbortPolicy.rejectedExecution(ThreadPoolExecutor.java:2081)
at java.base/java.util.concurrent.ThreadPoolExecutor.reject(ThreadPoolExecutor.java:841)
at java.base/java.util.concurrent.ThreadPoolExecutor.execute(ThreadPoolExecutor.java:1376)
at java.base/java.util.concurrent.AbstractExecutorService.submit(AbstractExecutorService.java:123)
at org.openqa.selenium.remote.http.jdk.JdkHttpClient.executeAsync(JdkHttpClient.java:384)
at org.openqa.selenium.remote.http.jdk.JdkHttpClient.execute(JdkHttpClient.java:413)
at org.openqa.selenium.remote.HttpCommandExecutor.execute(HttpCommandExecutor.java:212)
at org.openqa.selenium.remote.service.DriverCommandExecutor.invokeExecute(DriverCommandExecutor.java:216)
at org.openqa.selenium.remote.service.DriverCommandExecutor.lambda$execute$1(DriverCommandExecutor.java:126)
at java.base/java.util.concurrent.CompletableFuture$AsyncSupply.run(CompletableFuture.java:1768)
... 3 more
... Removed 14 stack frames]]>
    </failure>
  </testcase> <!-- @AfterClass teardown -->
  <testcase classname="com.testCases.TC001_AccountRegistration" name="accountreagistrationverify" time="2.274">
    <failure type="java.lang.AssertionError" message="null">
      <![CDATA[java.lang.AssertionError: null
at com.testCases.TC001_AccountRegistration.accountreagistrationverify(TC001_AccountRegistration.java:61)
at java.base/java.util.ArrayList.forEach(ArrayList.java:1597)
at java.base/java.util.concurrent.FutureTask.run(FutureTask.java:317)
at java.base/java.util.concurrent.ThreadPoolExecutor.runWorker(ThreadPoolExecutor.java:1144)
at java.base/java.util.concurrent.ThreadPoolExecutor$Worker.run(ThreadPoolExecutor.java:642)
at java.base/java.lang.Thread.run(Thread.java:1570)
... Removed 17 stack frames]]>
    </failure>
  </testcase> <!-- accountreagistrationverify -->
</testsuite> <!-- Test -->
