<?xml version="1.0" encoding="UTF-8"?>
<testng-results ignored="0" total="2" passed="1" failed="1" skipped="0">
  <reporter-output>
  </reporter-output>
  <suite started-at="2025-11-25T13:57:34 IST" name="Master Suite" finished-at="2025-11-25T13:58:00 IST" duration-ms="26222">
    <groups>
      <group name="Master">
        <method signature="TC001_AccountRegistration.accountreagistrationverify()[pri:0, instance:com.testCases.TC001_AccountRegistration@388ba540]" name="accountreagistrationverify" class="com.testCases.TC001_AccountRegistration"/>
        <method signature="TC002_UserLogin.userlogin()[pri:0, instance:com.testCases.TC002_UserLogin@7be58f16]" name="userlogin" class="com.testCases.TC002_UserLogin"/>
      </group> <!-- Master -->
      <group name="Sanity">
        <method signature="TC001_AccountRegistration.accountreagistrationverify()[pri:0, instance:com.testCases.TC001_AccountRegistration@388ba540]" name="accountreagistrationverify" class="com.testCases.TC001_AccountRegistration"/>
      </group> <!-- Sanity -->
      <group name="Regression">
        <method signature="TC002_UserLogin.userlogin()[pri:0, instance:com.testCases.TC002_UserLogin@7be58f16]" name="userlogin" class="com.testCases.TC002_UserLogin"/>
      </group> <!-- Regression -->
    </groups>
    <test started-at="2025-11-25T13:57:34 IST" name="Test" finished-at="2025-11-25T13:58:00 IST" duration-ms="26222">
      <class name="com.testCases.TC002_UserLogin">
        <test-method is-config="true" signature="setup(java.lang.String)[pri:0, instance:com.testCases.TC002_UserLogin@7be58f16]" started-at="2025-11-25T13:57:45 IST" name="setup" finished-at="2025-11-25T13:57:47 IST" duration-ms="2655" status="PASS">
          <params>
            <param index="0">
              <value>
                <![CDATA[chrome]]>
              </value>
            </param>
          </params>
          <reporter-output>
          </reporter-output>
        </test-method> <!-- setup -->
        <test-method signature="userlogin()[pri:0, instance:com.testCases.TC002_UserLogin@7be58f16]" started-at="2025-11-25T13:57:47 IST" name="userlogin" finished-at="2025-11-25T13:58:00 IST" duration-ms="12431" status="FAIL">
          <exception class="java.lang.AssertionError">
            <message>
              <![CDATA[Assertion Failed: expected [true] but found [false]]]>
            </message>
            <full-stacktrace>
              <![CDATA[java.lang.AssertionError: Assertion Failed: expected [true] but found [false]
at org.testng.Assert.fail(Assert.java:111)
at com.testCases.TC002_UserLogin.userlogin(TC002_UserLogin.java:51)
at java.base/jdk.internal.reflect.DirectMethodHandleAccessor.invoke(DirectMethodHandleAccessor.java:103)
at java.base/java.lang.reflect.Method.invoke(Method.java:580)
at org.testng.internal.invokers.MethodInvocationHelper.invokeMethod(MethodInvocationHelper.java:141)
at org.testng.internal.invokers.TestInvoker.invokeMethod(TestInvoker.java:687)
at org.testng.internal.invokers.TestInvoker.invokeTestMethod(TestInvoker.java:230)
at org.testng.internal.invokers.MethodRunner.runInSequence(MethodRunner.java:63)
at org.testng.internal.invokers.TestInvoker$MethodInvocationAgent.invoke(TestInvoker.java:995)
at org.testng.internal.invokers.TestInvoker.invokeTestMethods(TestInvoker.java:203)
at org.testng.internal.invokers.TestMethodWorker.invokeTestMethods(TestMethodWorker.java:154)
at org.testng.internal.invokers.TestMethodWorker.run(TestMethodWorker.java:134)
at java.base/java.util.ArrayList.forEach(ArrayList.java:1597)
at org.testng.TestRunner.privateRun(TestRunner.java:741)
at org.testng.TestRunner.run(TestRunner.java:616)
at org.testng.SuiteRunner.runTest(SuiteRunner.java:421)
at org.testng.SuiteRunner.runSequentially(SuiteRunner.java:413)
at org.testng.SuiteRunner.privateRun(SuiteRunner.java:373)
at org.testng.SuiteRunner.run(SuiteRunner.java:312)
at org.testng.SuiteRunnerWorker.runSuite(SuiteRunnerWorker.java:52)
at org.testng.SuiteRunnerWorker.run(SuiteRunnerWorker.java:95)
at org.testng.TestNG.runSuitesSequentially(TestNG.java:1274)
at org.testng.TestNG.runSuitesLocally(TestNG.java:1208)
at org.testng.TestNG.runSuites(TestNG.java:1112)
at org.testng.TestNG.run(TestNG.java:1079)
at org.apache.maven.surefire.testng.TestNGExecutor.run(TestNGExecutor.java:308)
at org.apache.maven.surefire.testng.TestNGXmlTestSuite.execute(TestNGXmlTestSuite.java:71)
at org.apache.maven.surefire.testng.TestNGProvider.invoke(TestNGProvider.java:113)
at org.apache.maven.surefire.booter.ForkedBooter.runSuitesInProcess(ForkedBooter.java:385)
at org.apache.maven.surefire.booter.ForkedBooter.execute(ForkedBooter.java:162)
at org.apache.maven.surefire.booter.ForkedBooter.run(ForkedBooter.java:507)
at org.apache.maven.surefire.booter.ForkedBooter.main(ForkedBooter.java:495)
]]>
            </full-stacktrace>
          </exception> <!-- java.lang.AssertionError -->
          <reporter-output>
          </reporter-output>
        </test-method> <!-- userlogin -->
        <test-method is-config="true" signature="teardown()[pri:0, instance:com.testCases.TC002_UserLogin@7be58f16]" started-at="2025-11-25T13:58:00 IST" name="teardown" finished-at="2025-11-25T13:58:00 IST" duration-ms="235" status="PASS">
          <reporter-output>
          </reporter-output>
        </test-method> <!-- teardown -->
      </class> <!-- com.testCases.TC002_UserLogin -->
      <class name="com.testCases.TC001_AccountRegistration">
        <test-method is-config="true" signature="setup(java.lang.String)[pri:0, instance:com.testCases.TC001_AccountRegistration@388ba540]" started-at="2025-11-25T13:57:34 IST" name="setup" finished-at="2025-11-25T13:57:39 IST" duration-ms="5043" status="PASS">
          <params>
            <param index="0">
              <value>
                <![CDATA[chrome]]>
              </value>
            </param>
          </params>
          <reporter-output>
          </reporter-output>
        </test-method> <!-- setup -->
        <test-method signature="accountreagistrationverify()[pri:0, instance:com.testCases.TC001_AccountRegistration@388ba540]" started-at="2025-11-25T13:57:39 IST" name="accountreagistrationverify" finished-at="2025-11-25T13:57:44 IST" duration-ms="5004" status="PASS">
          <reporter-output>
          </reporter-output>
        </test-method> <!-- accountreagistrationverify -->
        <test-method is-config="true" signature="teardown()[pri:0, instance:com.testCases.TC001_AccountRegistration@388ba540]" started-at="2025-11-25T13:57:44 IST" name="teardown" finished-at="2025-11-25T13:57:45 IST" duration-ms="330" status="PASS">
          <reporter-output>
          </reporter-output>
        </test-method> <!-- teardown -->
      </class> <!-- com.testCases.TC001_AccountRegistration -->
    </test> <!-- Test -->
  </suite> <!-- Master Suite -->
</testng-results>
