<?xml version="1.0" encoding="UTF-8"?>
<testsuite xmlns:xsi="http://www.w3.org/2001/XMLSchema-instance" xsi:noNamespaceSchemaLocation="https://maven.apache.org/surefire/maven-surefire-plugin/xsd/surefire-test-report.xsd" version="3.0.2" name="TestSuite" time="20.63" tests="2" errors="0" skipped="0" failures="0">
  <properties>
[...]
</properties>
  <testcase name="accountreagistrationverify" classname="com.testCases.TC001_AccountRegistration" time="5.352">
    <system-out><![CDATA[2025-11-08 14:07:37 [main] WARN  org.testng.xml.TestNGContentHandler - It is strongly recommended to add "<!DOCTYPE suite SYSTEM "https://testng.org/testng-1.1.dtd" >" at the top of the suite file [C:\Users\admin\eclipse-workspace1\SwiftTest\Master.xml] otherwise TestNG may fail or not work as expected.
2025-11-08 14:07:42 [main] INFO  com.testCases.TC001_AccountRegistration - *********Starting Accountregitration testcase**********
2025-11-08 14:07:42 [main] INFO  com.testCases.TC001_AccountRegistration - click on myaccount
2025-11-08 14:07:43 [main] INFO  com.testCases.TC001_AccountRegistration - click on register
2025-11-08 14:07:43 [main] INFO  com.testCases.TC001_AccountRegistration - Providing customer details
2025-11-08 14:07:47 [main] INFO  com.testCases.TC001_AccountRegistration - Valaidating confirmation message
2025-11-08 14:07:47 [main] INFO  com.testCases.TC001_AccountRegistration - Account regstration test is finished
]]></system-out>
    <system-err><![CDATA[2025-11-08T08:37:37.356778800Z main INFO Starting configuration XmlConfiguration[location=C:\Users\admin\eclipse-workspace1\SwiftTest\target\test-classes\log4j2.xml, lastModified=2025-10-30T07:08:31.371Z]...
2025-11-08T08:37:37.359770900Z main INFO Configuration XmlConfiguration[location=C:\Users\admin\eclipse-workspace1\SwiftTest\target\test-classes\log4j2.xml, lastModified=2025-10-30T07:08:31.371Z] started.
2025-11-08T08:37:37.362762700Z main INFO Stopping configuration org.apache.logging.log4j.core.config.DefaultConfiguration@1622f1b...
2025-11-08T08:37:37.363761Z main INFO Configuration org.apache.logging.log4j.core.config.DefaultConfiguration@1622f1b stopped.
Nov 08, 2025 2:07:40 PM org.openqa.selenium.devtools.CdpVersionFinder findNearestMatch
WARNING: Unable to find an exact match for CDP version 142, returning the closest version; found: 139; Please update to a Selenium version that supports CDP version 142
]]></system-err>
  </testcase>
  <testcase name="userlogin" classname="com.testCases.TC002_UserLogin" time="2.463">
    <system-out><![CDATA[2025-11-08 14:07:54 [main] INFO  com.testCases.TC002_UserLogin - *********Starting UserLogin testcase**********
2025-11-08 14:07:54 [main] INFO  com.testCases.TC002_UserLogin - click on myaccount
2025-11-08 14:07:55 [main] INFO  com.testCases.TC002_UserLogin - click on Login
2025-11-08 14:07:55 [main] INFO  com.testCases.TC002_UserLogin - Providing login details
2025-11-08 14:07:55 [main] INFO  com.testCases.TC002_UserLogin - Valaidating confirmation message
2025-11-08 14:07:56 [main] INFO  com.testCases.TC002_UserLogin - login test is finished
]]></system-out>
    <system-err><![CDATA[Nov 08, 2025 2:07:51 PM org.openqa.selenium.devtools.CdpVersionFinder findNearestMatch
WARNING: Unable to find an exact match for CDP version 142, returning the closest version; found: 139; Please update to a Selenium version that supports CDP version 142
]]></system-err>
  </testcase>
</testsuite>