<?xml version="1.0" encoding="UTF-8"?>
<testng-results ignored="0" total="2" passed="2" failed="0" skipped="0">
  <reporter-output>
  </reporter-output>
  <suite started-at="2025-11-08T14:07:38 IST" name="Master Suite" finished-at="2025-11-08T14:07:56 IST" duration-ms="18823">
    <groups>
      <group name="Master">
        <method signature="TC001_AccountRegistration.accountreagistrationverify()[pri:0, instance:com.testCases.TC001_AccountRegistration@6b9ce1bf]" name="accountreagistrationverify" class="com.testCases.TC001_AccountRegistration"/>
        <method signature="TC002_UserLogin.userlogin()[pri:0, instance:com.testCases.TC002_UserLogin@79da1ec0]" name="userlogin" class="com.testCases.TC002_UserLogin"/>
      </group> <!-- Master -->
      <group name="Sanity">
        <method signature="TC001_AccountRegistration.accountreagistrationverify()[pri:0, instance:com.testCases.TC001_AccountRegistration@6b9ce1bf]" name="accountreagistrationverify" class="com.testCases.TC001_AccountRegistration"/>
      </group> <!-- Sanity -->
      <group name="Regression">
        <method signature="TC002_UserLogin.userlogin()[pri:0, instance:com.testCases.TC002_UserLogin@79da1ec0]" name="userlogin" class="com.testCases.TC002_UserLogin"/>
      </group> <!-- Regression -->
    </groups>
    <test started-at="2025-11-08T14:07:38 IST" name="Test" finished-at="2025-11-08T14:07:56 IST" duration-ms="18823">
      <class name="com.testCases.TC002_UserLogin">
        <test-method is-config="true" signature="setup(java.lang.String)[pri:0, instance:com.testCases.TC002_UserLogin@79da1ec0]" started-at="2025-11-08T14:07:49 IST" name="setup" finished-at="2025-11-08T14:07:54 IST" duration-ms="4392" status="PASS">
          <params>
            <param index="0">
              <value>
                <![CDATA[chrome]]>
              </value>
            </param>
          </params>
          <reporter-output>
          </reporter-output>
        </test-method> <!-- setup -->
        <test-method signature="userlogin()[pri:0, instance:com.testCases.TC002_UserLogin@79da1ec0]" started-at="2025-11-08T14:07:54 IST" name="userlogin" finished-at="2025-11-08T14:07:56 IST" duration-ms="2464" status="PASS">
          <reporter-output>
          </reporter-output>
        </test-method> <!-- userlogin -->
        <test-method is-config="true" signature="teardown()[pri:0, instance:com.testCases.TC002_UserLogin@79da1ec0]" started-at="2025-11-08T14:07:56 IST" name="teardown" finished-at="2025-11-08T14:07:56 IST" duration-ms="207" status="PASS">
          <reporter-output>
          </reporter-output>
        </test-method> <!-- teardown -->
      </class> <!-- com.testCases.TC002_UserLogin -->
      <class name="com.testCases.TC001_AccountRegistration">
        <test-method is-config="true" signature="setup(java.lang.String)[pri:0, instance:com.testCases.TC001_AccountRegistration@6b9ce1bf]" started-at="2025-11-08T14:07:38 IST" name="setup" finished-at="2025-11-08T14:07:42 IST" duration-ms="4305" status="PASS">
          <params>
            <param index="0">
              <value>
                <![CDATA[chrome]]>
              </value>
            </param>
          </params>
          <reporter-output>
          </reporter-output>
        </test-method> <!-- setup -->
        <test-method signature="accountreagistrationverify()[pri:0, instance:com.testCases.TC001_AccountRegistration@6b9ce1bf]" started-at="2025-11-08T14:07:42 IST" name="accountreagistrationverify" finished-at="2025-11-08T14:07:47 IST" duration-ms="5233" status="PASS">
          <reporter-output>
          </reporter-output>
        </test-method> <!-- accountreagistrationverify -->
        <test-method is-config="true" signature="teardown()[pri:0, instance:com.testCases.TC001_AccountRegistration@6b9ce1bf]" started-at="2025-11-08T14:07:47 IST" name="teardown" finished-at="2025-11-08T14:07:49 IST" duration-ms="2015" status="PASS">
          <reporter-output>
          </reporter-output>
        </test-method> <!-- teardown -->
      </class> <!-- com.testCases.TC001_AccountRegistration -->
    </test> <!-- Test -->
  </suite> <!-- Master Suite -->
</testng-results>
