<?xml version="1.0" encoding="UTF-8"?>
<testsuite xmlns:xsi="http://www.w3.org/2001/XMLSchema-instance" xsi:noNamespaceSchemaLocation="https://maven.apache.org/surefire/maven-surefire-plugin/xsd/surefire-test-report.xsd" version="3.0.2" name="TestSuite" time="28.791" tests="2" errors="0" skipped="0" failures="1">
  <properties>
[...]
</properties>
  <testcase name="accountreagistrationverify" classname="com.testCases.TC001_AccountRegistration" time="5.115">
    <system-out><![CDATA[2025-11-25 13:57:33 [main] WARN  org.testng.xml.TestNGContentHandler - It is strongly recommended to add "<!DOCTYPE suite SYSTEM "https://testng.org/testng-1.1.dtd" >" at the top of the suite file [C:\Users\admin\eclipse-workspace1\SwiftTest\Master.xml] otherwise TestNG may fail or not work as expected.
2025-11-25 13:57:34 [main] INFO  com.testCases.TC001_AccountRegistration - Opening chrome browser
2025-11-25 13:57:39 [main] INFO  com.testCases.TC001_AccountRegistration - *********Starting Accountregitration testcase**********
2025-11-25 13:57:40 [main] INFO  com.testCases.TC001_AccountRegistration - click on myaccount
2025-11-25 13:57:40 [main] INFO  com.testCases.TC001_AccountRegistration - click on register
2025-11-25 13:57:40 [main] INFO  com.testCases.TC001_AccountRegistration - Providing customer details
2025-11-25 13:57:44 [main] INFO  com.testCases.TC001_AccountRegistration - Valaidating confirmation message
2025-11-25 13:57:44 [main] INFO  com.testCases.TC001_AccountRegistration - Account Created Successfully
2025-11-25 13:57:44 [main] INFO  com.testCases.TC001_AccountRegistration - Account regstration test is finished
]]></system-out>
    <system-err><![CDATA[2025-11-25T08:27:33.337984100Z main INFO Starting configuration XmlConfiguration[location=C:\Users\admin\eclipse-workspace1\SwiftTest\target\test-classes\log4j2.xml, lastModified=2025-10-30T07:08:31.371Z]...
2025-11-25T08:27:33.340976300Z main INFO Configuration XmlConfiguration[location=C:\Users\admin\eclipse-workspace1\SwiftTest\target\test-classes\log4j2.xml, lastModified=2025-10-30T07:08:31.371Z] started.
2025-11-25T08:27:33.345962Z main INFO Stopping configuration org.apache.logging.log4j.core.config.DefaultConfiguration@5e82df6a...
2025-11-25T08:27:33.346959600Z main INFO Configuration org.apache.logging.log4j.core.config.DefaultConfiguration@5e82df6a stopped.
Nov 25, 2025 1:57:38 PM org.openqa.selenium.devtools.CdpVersionFinder findNearestMatch
WARNING: Unable to find an exact match for CDP version 142, returning the closest version; found: 139; Please update to a Selenium version that supports CDP version 142
]]></system-err>
  </testcase>
  <testcase name="userlogin" classname="com.testCases.TC002_UserLogin" time="12.445">
    <failure message="Assertion Failed: expected [true] but found [false]" type="java.lang.AssertionError"><![CDATA[java.lang.AssertionError: Assertion Failed: expected [true] but found [false]
	at org.testng.Assert.fail(Assert.java:111)
	at com.testCases.TC002_UserLogin.userlogin(TC002_UserLogin.java:51)
	at java.base/jdk.internal.reflect.DirectMethodHandleAccessor.invoke(DirectMethodHandleAccessor.java:103)
	at java.base/java.lang.reflect.Method.invoke(Method.java:580)
	at org.testng.internal.invokers.MethodInvocationHelper.invokeMethod(MethodInvocationHelper.java:141)
	at org.testng.internal.invokers.TestInvoker.invokeMethod(TestInvoker.java:687)
	at org.testng.internal.invokers.TestInvoker.invokeTestMethod(TestInvoker.java:230)
	at org.testng.internal.invokers.MethodRunner.runInSequence(MethodRunner.java:63)
	at org.testng.internal.invokers.TestInvoker$MethodInvocationAgent.invoke(TestInvoker.java:995)
	at org.testng.internal.invokers.TestInvoker.invokeTestMethods(TestInvoker.java:203)
	at org.testng.internal.invokers.TestMethodWorker.invokeTestMethods(TestMethodWorker.java:154)
	at org.testng.internal.invokers.TestMethodWorker.run(TestMethodWorker.java:134)
	at java.base/java.util.ArrayList.forEach(ArrayList.java:1597)
	at org.testng.TestRunner.privateRun(TestRunner.java:741)
	at org.testng.TestRunner.run(TestRunner.java:616)
	at org.testng.SuiteRunner.runTest(SuiteRunner.java:421)
	at org.testng.SuiteRunner.runSequentially(SuiteRunner.java:413)
	at org.testng.SuiteRunner.privateRun(SuiteRunner.java:373)
	at org.testng.SuiteRunner.run(SuiteRunner.java:312)
	at org.testng.SuiteRunnerWorker.runSuite(SuiteRunnerWorker.java:52)
	at org.testng.SuiteRunnerWorker.run(SuiteRunnerWorker.java:95)
	at org.testng.TestNG.runSuitesSequentially(TestNG.java:1274)
	at org.testng.TestNG.runSuitesLocally(TestNG.java:1208)
	at org.testng.TestNG.runSuites(TestNG.java:1112)
	at org.testng.TestNG.run(TestNG.java:1079)
	at org.apache.maven.surefire.testng.TestNGExecutor.run(TestNGExecutor.java:308)
	at org.apache.maven.surefire.testng.TestNGXmlTestSuite.execute(TestNGXmlTestSuite.java:71)
	at org.apache.maven.surefire.testng.TestNGProvider.invoke(TestNGProvider.java:113)
	at org.apache.maven.surefire.booter.ForkedBooter.runSuitesInProcess(ForkedBooter.java:385)
	at org.apache.maven.surefire.booter.ForkedBooter.execute(ForkedBooter.java:162)
	at org.apache.maven.surefire.booter.ForkedBooter.run(ForkedBooter.java:507)
	at org.apache.maven.surefire.booter.ForkedBooter.main(ForkedBooter.java:495)
]]></failure>
    <system-out><![CDATA[2025-11-25 13:57:45 [main] INFO  com.testCases.TC002_UserLogin - Opening chrome browser
2025-11-25 13:57:47 [main] INFO  com.testCases.TC002_UserLogin - *********Starting UserLogin testcase**********
2025-11-25 13:57:48 [main] INFO  com.testCases.TC002_UserLogin - click on myaccount
2025-11-25 13:57:48 [main] INFO  com.testCases.TC002_UserLogin - click on Login
2025-11-25 13:57:48 [main] INFO  com.testCases.TC002_UserLogin - Providing login details
2025-11-25 13:57:49 [main] INFO  com.testCases.TC002_UserLogin - Valaidating confirmation message
2025-11-25 13:57:59 [main] ERROR com.testCases.TC002_UserLogin - Exception occurred during login test: expected [true] but found [false]
Screenshot saved: C:\Users\admin\eclipse-workspace1\SwiftTest\Screenshots\UserLoginFailure_2025.11.25.13.57.59.png
2025-11-25 13:58:00 [main] INFO  com.testCases.TC002_UserLogin - Screenshot taken: C:\Users\admin\eclipse-workspace1\SwiftTest\Screenshots\UserLoginFailure_2025.11.25.13.57.59.png
]]></system-out>
    <system-err><![CDATA[Nov 25, 2025 1:57:46 PM org.openqa.selenium.devtools.CdpVersionFinder findNearestMatch
WARNING: Unable to find an exact match for CDP version 142, returning the closest version; found: 139; Please update to a Selenium version that supports CDP version 142
]]></system-err>
  </testcase>
</testsuite>